[page] [.WebGL-0x11c00453400]GL Driver Message (OpenGL, Performance, GL_CLOSE_PATH_NV, High): GPU stall due to ReadPixels
[page] [.WebGL-0x11c00453400]GL Driver Message (OpenGL, Performance, GL_CLOSE_PATH_NV, High): GPU stall due to ReadPixels
[page] [.WebGL-0x11c00453400]GL Driver Message (OpenGL, Performance, GL_CLOSE_PATH_NV, High): GPU stall due to ReadPixels
[page] [.WebGL-0x11c00453400]GL Driver Message (OpenGL, Performance, GL_CLOSE_PATH_NV, High): GPU stall due to ReadPixels (this message will no longer repeat)
deck ns: object scripts: 2
traits aria-expanded false -> false
edge-group aria-expanded false -> true
after ESC, focus on: 
saved /Users/nicholashamilton/Desktop/mammothnetwork/artifacts/ui/desktop-preset-ownership-v1-1440.png
traits aria-expanded true -> false
edge-group aria-expanded true -> false
after ESC, focus on: 
saved /Users/nicholashamilton/Desktop/mammothnetwork/artifacts/ui/desktop-preset-trading-v1-1440.png
traits aria-expanded true -> false
edge-group aria-expanded false -> true
after ESC, focus on: 
saved /Users/nicholashamilton/Desktop/mammothnetwork/artifacts/ui/desktop-preset-traits-v1-1440.png
traits aria-expanded true -> false
edge-group aria-expanded true -> false
after ESC, focus on: 
saved /Users/nicholashamilton/Desktop/mammothnetwork/artifacts/ui/desktop-preset-whales-v1-1440.png
traits aria-expanded true -> false
edge-group aria-expanded false -> true
after ESC, focus on: 
saved /Users/nicholashamilton/Desktop/mammothnetwork/artifacts/ui/desktop-preset-health-v1-1440.png
